
Lmod is automatically replacing "intel/2020.1.217" with "gcc/9.3.0".

Lmod Warning:
-------------------------------------------------------------------------------
The following dependent module(s) are not currently loaded: scipy-stack/2022a
(required by: opencv/4.6.0)
-------------------------------------------------------------------------------



/project/6054857/irisma/human-poses/Human_Pose_Generation/PAPR/utils.py:270: UserWarning: The figure layout has changed to tight
  fig.tight_layout()
/home/irisma/py39/lib/python3.9/site-packages/torch/optim/lr_scheduler.py:163: UserWarning: The epoch parameter in `scheduler.step()` was not necessary and is being deprecated where possible. Please use `scheduler.step()` to step the scheduler. During the deprecation, if epoch is different from None, the closed form is used instead of the new chainable form, where available. Please open an issue if you are unable to replicate your use case: https://github.com/pytorch/pytorch/issues/new/choose.
  warnings.warn(EPOCH_DEPRECATION_WARNING, UserWarning)
/home/irisma/py39/lib/python3.9/site-packages/torch/optim/lr_scheduler.py:138: UserWarning: Detected call of `lr_scheduler.step()` before `optimizer.step()`. In PyTorch 1.1.0 and later, you should call them in the opposite order: `optimizer.step()` before `lr_scheduler.step()`.  Failure to do this will result in PyTorch skipping the first value of the learning rate schedule. See more details at https://pytorch.org/docs/stable/optim.html#how-to-adjust-learning-rate
  warnings.warn("Detected call of `lr_scheduler.step()` before `optimizer.step()`. "
Clipping input data to the valid range for imshow with RGB data ([0..1] for floats or [0..255] for integers).
Clipping input data to the valid range for imshow with RGB data ([0..1] for floats or [0..255] for integers).
Clipping input data to the valid range for imshow with RGB data ([0..1] for floats or [0..255] for integers).
Traceback (most recent call last):
  File "/project/6054857/irisma/human-poses/Human_Pose_Generation/PAPR/train.py", line 362, in <module>
    main(train_config, eval_config, args.resume)
  File "/project/6054857/irisma/human-poses/Human_Pose_Generation/PAPR/train.py", line 328, in main
    train_and_eval(start_step, model, device, dataset, eval_dataset, losses, args)
  File "/project/6054857/irisma/human-poses/Human_Pose_Generation/PAPR/train.py", line 245, in train_and_eval
    loss, out = train_step(step, model, device, dataset, batch, loss_fn, args)
  File "/project/6054857/irisma/human-poses/Human_Pose_Generation/PAPR/train.py", line 162, in train_step
    out = model(rayo, rayd, c2w, step)
  File "/home/irisma/py39/lib/python3.9/site-packages/torch/nn/modules/module.py", line 1194, in _call_impl
    return forward_call(*input, **kwargs)
  File "/project/6054857/irisma/human-poses/Human_Pose_Generation/PAPR/models/model.py", line 504, in forward
    points, select_k_ind = self._get_points(rays_o, rays_d, c2w, step)
  File "/project/6054857/irisma/human-poses/Human_Pose_Generation/PAPR/models/model.py", line 329, in _get_points
    select_k_ind = self._calculate_global_distances(rays_o, rays_d, points)   # (N, H, W, num_pts)
  File "/project/6054857/irisma/human-poses/Human_Pose_Generation/PAPR/models/model.py", line 279, in _calculate_global_distances
    feature = torch.norm(D, dim=-1)
  File "/home/irisma/py39/lib/python3.9/site-packages/torch/functional.py", line 1506, in norm
    return _VF.frobenius_norm(input, _dim, keepdim=keepdim)
torch.cuda.OutOfMemoryError: CUDA out of memory. Tried to allocate 1.50 GiB (GPU 0; 11.90 GiB total capacity; 9.12 GiB already allocated; 1.05 GiB free; 10.08 GiB reserved in total by PyTorch) If reserved memory is >> allocated memory try setting max_split_size_mb to avoid fragmentation.  See documentation for Memory Management and PYTORCH_CUDA_ALLOC_CONF
Initialized points scale:  tensor(-12.) tensor(12.) tensor(-12.) tensor(12.) tensor(-12.) tensor(12.)
Number of parameters of renderer:  3643395
Point features:  torch.Size([10000, 64]) tensor(-4.5974, grad_fn=<MinBackward1>) tensor(4.5664, grad_fn=<MaxBackward1>) tensor(0.0010, grad_fn=<MeanBackward0>) tensor(1.0013, grad_fn=<StdBackward0>)
Using v_extra_dim:  64
LR factor:  1.0
Loaded blender (1, 800, 800, 4) [800, 800, 1111.1110311937682] ./data/nerf_synthetic/chair/
c2w:  torch.Size([100, 4, 4])
Loaded blender (1, 800, 800, 4) [800, 800, 1111.1110311937682] ./data/nerf_synthetic/chair/
c2w:  torch.Size([200, 4, 4])
Using MSE loss, loss weight:  1.0
Loading model from: /project/6054857/irisma/human-poses/Human_Pose_Generation/PAPR/vgg.pth
Using LPIPS loss, loss weight:  0.01
Start step: 0 Total steps: 250000
 embedv: 0 torch.Size([25600, 20, 32]) -1.2919921875 1.2060546875 0.0574951171875 0.312255859375
 scores: 0 torch.Size([25600, 1, 1, 20]) 0.0 1.11328125 0.0926513671875 0.166748046875
 feat map: 0 torch.Size([1, 160, 160, 32]) -0.8519286513328552 0.9024901986122131 0.057485487312078476 0.2995360493659973
 predict rgb: 0 torch.Size([1, 160, 160, 3]) 0.8711910843849182 0.8823696970939636 0.8759778141975403 0.003958407789468765
Train step: 200 loss: 0.08689684420824051 attn_lr: 6.00000000000005e-06 pts_lr: 0.001999996873232 scale: 65536.0 time: 251.49s
 embedv: 200 torch.Size([25600, 20, 32]) -1.8212890625 1.4072265625 0.0986328125 0.388671875
 scores: 200 torch.Size([25600, 1, 1, 20]) 1.7216796875 4.57421875 3.228515625 0.43505859375
Train step: 400 loss: 0.029357098042964935 attn_lr: 1.200000000000007e-05 pts_lr: 0.0019999874300192094 scale: 65536.0 time: 252.48s
 embedv: 400 torch.Size([25600, 20, 32]) -1.1181640625 1.2001953125 0.10302734375 0.31982421875
 scores: 400 torch.Size([25600, 1, 1, 20]) 36.96875 40.75 38.75 0.53076171875
Eval step: 500 train_loss: 0.05204571027867496 eval_loss: 0.046708546578884125 eval_psnr: 13.432804921206058
Train step: 600 loss: 0.0708601102232933 attn_lr: 1.8000000000000102e-05 pts_lr: 0.0019999716703423317 scale: 65536.0 time: 276.54s
 embedv: 600 torch.Size([25600, 20, 32]) -2.822265625 2.017578125 0.1407470703125 0.70849609375
 scores: 600 torch.Size([25600, 1, 1, 20]) 126.3125 130.875 129.375 0.60498046875
Train step: 800 loss: 0.00197058473713696 attn_lr: 2.4000000000000123e-05 pts_lr: 0.0019999495943009062 scale: 65536.0 time: 252.17s
 embedv: 800 torch.Size([25600, 20, 32]) -5.12109375 3.30078125 0.0809326171875 0.95751953125
 scores: 800 torch.Size([25600, 1, 1, 20]) 196.25 201.75 199.25 0.77734375
Train step: 1000 loss: 0.00839991681277752 attn_lr: 3.0000000000000123e-05 pts_lr: 0.00199992120203438 scale: 65536.0 time: 243.55s
Eval step: 1000 train_loss: 0.02649485258141067 eval_loss: 0.019658761098980904 eval_psnr: 17.377605535237702
 embedv: 1000 torch.Size([25600, 20, 32]) -6.796875 4.78125 0.059234619140625 1.2802734375
 scores: 1000 torch.Size([25600, 1, 1, 20]) 201.875 210.75 206.875 1.080078125
 feat map: 1000 torch.Size([1, 160, 160, 32]) -4.749387264251709 3.3580405712127686 0.06048015505075455 1.2874083518981934
 predict rgb: 1000 torch.Size([1, 160, 160, 3]) 0.45584121346473694 0.9763584733009338 0.8955883979797363 0.08607441186904907
Train step: 1200 loss: 0.0009668476996012032 attn_lr: 3.600000000000017e-05 pts_lr: 0.0019998864937220947 scale: 65536.0 time: 266.66s
 embedv: 1200 torch.Size([25600, 20, 32]) -4.2109375 2.392578125 0.08551025390625 0.775390625
 scores: 1200 torch.Size([25600, 1, 1, 20]) 232.375 238.25 235.75 0.966796875
Train step: 1400 loss: 0.05627557635307312 attn_lr: 4.200000000000009e-05 pts_lr: 0.001999845469583283 scale: 65536.0 time: 255.97s
 embedv: 1400 torch.Size([25600, 20, 32]) -3.8984375 2.669921875 0.10809326171875 0.8056640625
 scores: 1400 torch.Size([25600, 1, 1, 20]) 239.25 243.5 242.125 0.48193359375
Eval step: 1500 train_loss: 0.01853783847943123 eval_loss: 0.016530226916074753 eval_psnr: 18.119578306394505
Train step: 1600 loss: 0.0006617975886911154 attn_lr: 4.8000000000000184e-05 pts_lr: 0.0019997981298770793 scale: 65536.0 time: 260.95s
 embedv: 1600 torch.Size([25600, 20, 32]) -6.72265625 4.7265625 0.045654296875 1.3662109375
 scores: 1600 torch.Size([25600, 1, 1, 20]) 233.0 244.625 240.125 2.041015625
Train step: 1800 loss: 0.00038102787220850587 attn_lr: 5.4000000000000215e-05 pts_lr: 0.0019997444749025035 scale: 65536.0 time: 246.04s
 embedv: 1800 torch.Size([25600, 20, 32]) -3.83203125 2.9921875 0.057861328125 0.69873046875
 scores: 1800 torch.Size([25600, 1, 1, 20]) 221.875 238.125 232.625 2.83984375
Train step: 2000 loss: 0.017301635816693306 attn_lr: 6.000000000000029e-05 pts_lr: 0.001999684504998472 scale: 131072.0 time: 242.60s
Eval step: 2000 train_loss: 0.01766156008393591 eval_loss: 0.015554262325167656 eval_psnr: 18.394998056014177
 embedv: 2000 torch.Size([25600, 20, 32]) -8.0625 6.5 0.056304931640625 1.6826171875
 scores: 2000 torch.Size([25600, 1, 1, 20]) 141.125 218.875 180.25 13.6875
 feat map: 2000 torch.Size([1, 160, 160, 32]) -6.102330207824707 5.1119489669799805 0.05823708698153496 1.7066009044647217
 predict rgb: 2000 torch.Size([1, 160, 160, 3]) 0.5053647756576538 0.9674683213233948 0.8424956202507019 0.0824742391705513
Train step: 2200 loss: 0.00151725672185421 attn_lr: 6.60000000000004e-05 pts_lr: 0.001999618220543781 scale: 131072.0 time: 272.43s
 embedv: 2200 torch.Size([25600, 20, 32]) -5.81640625 4.23046875 0.043548583984375 1.19921875
 scores: 2200 torch.Size([25600, 1, 1, 20]) 215.375 245.875 233.125 5.91796875
Train step: 2400 loss: 0.01939213089644909 attn_lr: 7.200000000000054e-05 pts_lr: 0.0019995456219571266 scale: 131072.0 time: 249.44s
 embedv: 2400 torch.Size([25600, 20, 32]) -6.75 5.265625 0.044097900390625 1.51953125
 scores: 2400 torch.Size([25600, 1, 1, 20]) 169.375 216.75 194.0 8.8984375
Eval step: 2500 train_loss: 0.015592236410680926 eval_loss: 0.01744435355067253 eval_psnr: 17.851920601948656
Train step: 2600 loss: 6.859398126835003e-05 attn_lr: 7.800000000000077e-05 pts_lr: 0.0019994667096970824 scale: 131072.0 time: 264.66s
 embedv: 2600 torch.Size([25600, 20, 32]) -6.17578125 4.7421875 0.03369140625 1.236328125
 scores: 2600 torch.Size([25600, 1, 1, 20]) 215.625 246.75 238.75 7.125
Train step: 2800 loss: 0.005833796225488186 attn_lr: 8.400000000000103e-05 pts_lr: 0.0019993814842620963 scale: 131072.0 time: 250.13s
 embedv: 2800 torch.Size([25600, 20, 32]) -7.76171875 6.296875 0.04083251953125 1.537109375
 scores: 2800 torch.Size([25600, 1, 1, 20]) 175.875 236.125 219.75 14.2265625
Train step: 3000 loss: 0.020774798467755318 attn_lr: 9.000000000000129e-05 pts_lr: 0.0019992899461904966 scale: 131072.0 time: 243.21s
Eval step: 3000 train_loss: 0.017074341871400976 eval_loss: 0.017264580354094505 eval_psnr: 17.881952391805672
 embedv: 3000 torch.Size([25600, 20, 32]) -3.712890625 2.43359375 0.11279296875 0.8076171875
 scores: 3000 torch.Size([25600, 1, 1, 20]) 151.0 252.875 225.125 25.953125
 feat map: 3000 torch.Size([1, 160, 160, 32]) -2.814837694168091 1.832114815711975 0.10176359117031097 0.7070246338844299
 predict rgb: 3000 torch.Size([1, 160, 160, 3]) 0.15023714303970337 0.9911109209060669 0.561337411403656 0.22586296498775482
Train step: 3200 loss: 0.021618027240037918 attn_lr: 9.600000000000145e-05 pts_lr: 0.0019991920960604954 scale: 131072.0 time: 271.44s
 embedv: 3200 torch.Size([25600, 20, 32]) -6.26171875 4.83203125 0.040435791015625 1.123046875
 scores: 3200 torch.Size([25600, 1, 1, 20]) 152.0 262.0 227.125 36.34375
Train step: 3400 loss: 0.028682447969913483 attn_lr: 0.00010200000000000184 pts_lr: 0.001999087934490158 scale: 131072.0 time: 243.17s
 embedv: 3400 torch.Size([25600, 20, 32]) -7.31640625 5.453125 0.0032787322998046875 1.39453125
 scores: 3400 torch.Size([25600, 1, 1, 20]) 213.875 254.25 240.5 7.2890625
Eval step: 3500 train_loss: 0.015782489650697243 eval_loss: 0.0162385031580925 eval_psnr: 18.157383087005474
Train step: 3600 loss: 0.0011852874886244535 attn_lr: 0.0001080000000000017 pts_lr: 0.0019989774621374324 scale: 131072.0 time: 261.64s
 embedv: 3600 torch.Size([25600, 20, 32]) -4.1640625 2.734375 0.0643310546875 0.73486328125
 scores: 3600 torch.Size([25600, 1, 1, 20]) 182.125 265.75 218.5 21.3125
Train step: 3800 loss: 3.11231124214828e-05 attn_lr: 0.00011400000000000192 pts_lr: 0.0019988606797001233 scale: 131072.0 time: 248.48s
 embedv: 3800 torch.Size([25600, 20, 32]) -5.4609375 4.40625 0.0114288330078125 1.15625
 scores: 3800 torch.Size([25600, 1, 1, 20]) 165.25 243.625 224.875 18.03125
Train step: 4000 loss: 0.009871198795735836 attn_lr: 0.00012000000000000167 pts_lr: 0.0019987375879158852 scale: 262144.0 time: 247.88s
Eval step: 4000 train_loss: 0.016549443226556833 eval_loss: 0.014424461871385574 eval_psnr: 18.70227625339005
 embedv: 4000 torch.Size([25600, 20, 32]) -5.51171875 4.40234375 0.00514984130859375 1.1328125
 scores: 4000 torch.Size([25600, 1, 1, 20]) 153.125 260.5 240.875 26.046875
 feat map: 4000 torch.Size([1, 160, 160, 32]) -4.852884769439697 3.8116960525512695 0.00533255934715271 1.1043156385421753
 predict rgb: 4000 torch.Size([1, 160, 160, 3]) 0.9030085802078247 0.9975829720497131 0.9936924576759338 0.005531749688088894
Train step: 4200 loss: 0.007880046963691711 attn_lr: 0.00012600000000000203 pts_lr: 0.0019986081875622386 scale: 262144.0 time: 263.61s
 embedv: 4200 torch.Size([25600, 20, 32]) -5.8203125 4.60546875 0.017486572265625 1.1064453125
 scores: 4200 torch.Size([25600, 1, 1, 20]) 103.9375 206.5 137.0 26.421875
Train step: 4400 loss: 0.012236274778842926 attn_lr: 0.00013200000000000223 pts_lr: 0.0019984724794565416 scale: 262144.0 time: 247.64s
 embedv: 4400 torch.Size([25600, 20, 32]) -5.91796875 4.57421875 0.0279541015625 1.1767578125
 scores: 4400 torch.Size([25600, 1, 1, 20]) 117.75 236.25 149.5 24.078125
Eval step: 4500 train_loss: 0.016101288366800873 eval_loss: 0.013574525713920593 eval_psnr: 18.993088550356312
Train step: 4600 loss: 0.00011948160681640729 attn_lr: 0.00013800000000000222 pts_lr: 0.0019983304644560027 scale: 262144.0 time: 265.99s
 embedv: 4600 torch.Size([25600, 20, 32]) -6.2109375 5.2734375 0.053955078125 1.146484375
 scores: 4600 torch.Size([25600, 1, 1, 20]) 115.75 191.625 154.125 16.171875
Train step: 4800 loss: 0.013167429715394974 attn_lr: 0.00014400000000000236 pts_lr: 0.0019981821434576696 scale: 262144.0 time: 249.17s
 embedv: 4800 torch.Size([25600, 20, 32]) -5.54296875 4.796875 0.06622314453125 1.1123046875
 scores: 4800 torch.Size([25600, 1, 1, 20]) 134.375 184.875 158.75 10.1875
Train step: 5000 loss: 0.022667162120342255 attn_lr: 0.000150000000000002 pts_lr: 0.0019980275173984152 scale: 262144.0 time: 246.68s
Eval step: 5000 train_loss: 0.015621519939680183 eval_loss: 0.013932464644312859 eval_psnr: 18.86261316776154
 embedv: 5000 torch.Size([25600, 20, 32]) -3.681640625 2.8515625 0.0233612060546875 0.59765625
 scores: 5000 torch.Size([25600, 1, 1, 20]) 133.375 255.375 200.0 47.96875
 feat map: 5000 torch.Size([1, 160, 160, 32]) -2.885594606399536 2.1711573600769043 0.02379576675593853 0.5875551700592041
 predict rgb: 5000 torch.Size([1, 160, 160, 3]) 0.22936981916427612 0.9931593537330627 0.6362073421478271 0.20518869161605835
Train step: 5200 loss: 0.030248867347836494 attn_lr: 0.0001560000000000022 pts_lr: 0.001997866587254939 scale: 262144.0 time: 273.51s
 embedv: 5200 torch.Size([25600, 20, 32]) -3.642578125 2.953125 0.0255584716796875 0.611328125
 scores: 5200 torch.Size([25600, 1, 1, 20]) 124.5 241.875 199.0 38.34375
Train step: 5400 loss: 0.02723870985209942 attn_lr: 0.00016200000000000223 pts_lr: 0.0019976993540437634 scale: 262144.0 time: 245.07s
 embedv: 5400 torch.Size([25600, 20, 32]) -4.47265625 3.74609375 0.01319122314453125 0.84423828125
 scores: 5400 torch.Size([25600, 1, 1, 20]) 152.0 232.0 201.875 15.7421875
Eval step: 5500 train_loss: 0.015176112390024173 eval_loss: 0.014950696378946304 eval_psnr: 18.550807961086203
Train step: 5600 loss: 0.023801948875188828 attn_lr: 0.0001680000000000017 pts_lr: 0.0019975258188212283 scale: 262144.0 time: 269.12s
 embedv: 5600 torch.Size([25600, 20, 32]) -2.78125 2.18359375 0.037200927734375 0.4169921875
 scores: 5600 torch.Size([25600, 1, 1, 20]) 149.375 233.375 206.375 19.4375
Train step: 5800 loss: 0.005039254669100046 attn_lr: 0.00017400000000000182 pts_lr: 0.001997345982683472 scale: 262144.0 time: 250.09s
 embedv: 5800 torch.Size([25600, 20, 32]) -3.50390625 2.681640625 0.00348663330078125 0.48974609375
 scores: 5800 torch.Size([25600, 1, 1, 20]) 118.75 226.875 194.5 30.421875
Train step: 6000 loss: 0.0001283509482163936 attn_lr: 0.0001800000000000017 pts_lr: 0.0019971598467664452 scale: 524288.0 time: 243.03s
Eval step: 6000 train_loss: 0.013833359813791048 eval_loss: 0.013611525297164917 eval_psnr: 18.984285934481303
 embedv: 6000 torch.Size([25600, 20, 32]) -2.1796875 1.6494140625 0.0297088623046875 0.3203125
 scores: 6000 torch.Size([25600, 1, 1, 20]) 79.75 227.125 198.75 27.875
 feat map: 6000 torch.Size([1, 160, 160, 32]) -1.8692312240600586 1.4290884733200073 0.026028461754322052 0.30065780878067017
 predict rgb: 6000 torch.Size([1, 160, 160, 3]) 0.21409541368484497 0.8725869655609131 0.49857833981513977 0.10701978206634521
Train step: 6200 loss: 0.051410652697086334 attn_lr: 0.00018600000000000178 pts_lr: 0.001996967412245877 scale: 524288.0 time: 275.05s
 embedv: 6200 torch.Size([25600, 20, 32]) -4.296875 3.87109375 0.018035888671875 0.7490234375
 scores: 6200 torch.Size([25600, 1, 1, 20]) 134.5 221.875 200.75 22.609375
Train step: 6400 loss: 0.021136853843927383 attn_lr: 0.00019200000000000177 pts_lr: 0.0019967686803372873 scale: 524288.0 time: 250.81s
 embedv: 6400 torch.Size([25600, 20, 32]) -2.513671875 2.03125 0.028778076171875 0.32470703125
 scores: 6400 torch.Size([25600, 1, 1, 20]) 125.6875 211.125 168.25 30.203125
Eval step: 6500 train_loss: 0.01527830691067561 eval_loss: 0.012878536246716976 eval_psnr: 19.24995354524652
Train step: 6600 loss: 0.0061646755784749985 attn_lr: 0.00019800000000000224 pts_lr: 0.001996563652295974 scale: 524288.0 time: 270.59s
 embedv: 6600 torch.Size([25600, 20, 32]) -3.11328125 2.8671875 0.03118896484375 0.49755859375
 scores: 6600 torch.Size([25600, 1, 1, 20]) 108.0 188.625 128.5 11.8515625
Train step: 6800 loss: 0.0022121325600892305 attn_lr: 0.0002040000000000026 pts_lr: 0.0019963523294170096 scale: 524288.0 time: 248.85s
 embedv: 6800 torch.Size([25600, 20, 32]) -3.404296875 3.044921875 0.0299530029296875 0.47607421875
 scores: 6800 torch.Size([25600, 1, 1, 20]) 116.0 203.0 165.5 19.15625
Train step: 7000 loss: 1.2089675692550372e-05 attn_lr: 0.00021000000000000245 pts_lr: 0.0019961347130352295 scale: 524288.0 time: 243.83s
Eval step: 7000 train_loss: 0.016426073076107515 eval_loss: 0.012845702469348907 eval_psnr: 19.2273746544655
 embedv: 7000 torch.Size([25600, 20, 32]) -2.609375 2.408203125 0.020965576171875 0.33984375
 scores: 7000 torch.Size([25600, 1, 1, 20]) 108.75 202.375 159.375 29.078125
 feat map: 7000 torch.Size([1, 160, 160, 32]) -1.5616189241409302 1.4188165664672852 0.020771320909261703 0.3188409209251404
 predict rgb: 7000 torch.Size([1, 160, 160, 3]) 0.9599806070327759 0.9983372092247009 0.9932653903961182 0.0042115761898458
Train step: 7200 loss: 0.0024133489932864904 attn_lr: 0.00021600000000000246 pts_lr: 0.001995910804525209 scale: 524288.0 time: 264.58s
 embedv: 7200 torch.Size([25600, 20, 32]) -4.25 4.14453125 0.0246124267578125 0.6220703125
 scores: 7200 torch.Size([25600, 1, 1, 20]) 112.3125 192.875 173.0 17.0
Train step: 7400 loss: 7.997461943887174e-05 attn_lr: 0.0002220000000000022 pts_lr: 0.0019956806053012762 scale: 524288.0 time: 242.02s
 embedv: 7400 torch.Size([25600, 20, 32]) -3.21484375 3.064453125 0.0504150390625 0.53076171875
 scores: 7400 torch.Size([25600, 1, 1, 20]) 89.1875 133.5 107.25 7.03125
Eval step: 7500 train_loss: 0.014028488461293363 eval_loss: 0.012954071164131165 eval_psnr: 19.19853111678246
Train step: 7600 loss: 1.1293675015622284e-05 attn_lr: 0.00022800000000000207 pts_lr: 0.0019954441168174943 scale: 524288.0 time: 266.29s
 embedv: 7600 torch.Size([25600, 20, 32]) -3.75390625 3.560546875 0.01837158203125 0.41455078125
 scores: 7600 torch.Size([25600, 1, 1, 20]) 153.625 184.0 174.75 4.58984375
Train step: 7800 loss: 0.0477558970451355 attn_lr: 0.00023400000000000203 pts_lr: 0.0019952013405676546 scale: 262144.0 time: 246.03s
 embedv: 7800 torch.Size([25600, 20, 32]) -2.89453125 2.91796875 0.035858154296875 0.40966796875
 scores: 7800 torch.Size([25600, 1, 1, 20]) 98.3125 164.5 135.25 14.828125
Train step: 8000 loss: 0.01681658811867237 attn_lr: 0.00024000000000000223 pts_lr: 0.0019949522780852657 scale: 262144.0 time: 244.56s
Eval step: 8000 train_loss: 0.01439949808789902 eval_loss: 0.012331031262874603 eval_psnr: 19.440049053363918
 embedv: 8000 torch.Size([25600, 20, 32]) -4.109375 4.35546875 0.013427734375 0.7197265625
 scores: 8000 torch.Size([25600, 1, 1, 20]) 157.0 187.0 175.0 4.4296875
 feat map: 8000 torch.Size([1, 160, 160, 32]) -3.520421028137207 3.760054588317871 0.013934469781816006 0.7334061861038208
 predict rgb: 8000 torch.Size([1, 160, 160, 3]) 0.40879330039024353 1.0577201843261719 0.9669262766838074 0.06584394723176956
Train step: 8200 loss: 0.007809514179825783 attn_lr: 0.00024600000000000197 pts_lr: 0.0019946969309435386 scale: 262144.0 time: 262.22s
 embedv: 8200 torch.Size([25600, 20, 32]) -2.263671875 2.27734375 0.0185089111328125 0.2154541015625
 scores: 8200 torch.Size([25600, 1, 1, 20]) 113.4375 169.0 150.75 7.66796875
Train step: 8400 loss: 0.0004839588073082268 attn_lr: 0.0002520000000000023 pts_lr: 0.001994435300755387 scale: 262144.0 time: 249.33s
 embedv: 8400 torch.Size([25600, 20, 32]) -2.458984375 2.302734375 0.0248260498046875 0.32568359375
 scores: 8400 torch.Size([25600, 1, 1, 20]) 61.0625 166.875 121.5 19.40625
Eval step: 8500 train_loss: 0.013936706200880736 eval_loss: 0.01230617519468069 eval_psnr: 19.468961298522213
Train step: 8600 loss: 4.0499949705008476e-07 attn_lr: 0.000258000000000002 pts_lr: 0.0019941673891734073 scale: 262144.0 time: 266.33s
 embedv: 8600 torch.Size([25600, 20, 32]) -2.572265625 2.408203125 0.0225067138671875 0.346923828125
 scores: 8600 torch.Size([25600, 1, 1, 20]) 75.5625 179.125 156.5 17.34375
Train step: 8800 loss: 1.388458372275636e-06 attn_lr: 0.00026400000000000154 pts_lr: 0.001993893197889879 scale: 262144.0 time: 251.39s
 embedv: 8800 torch.Size([25600, 20, 32]) -2.58984375 2.666015625 0.0260467529296875 0.26416015625
 scores: 8800 torch.Size([25600, 1, 1, 20]) 108.75 163.875 144.125 7.5390625
Train step: 9000 loss: 9.958757800632156e-06 attn_lr: 0.000270000000000002 pts_lr: 0.0019936127286367374 scale: 262144.0 time: 245.53s
Eval step: 9000 train_loss: 0.013585827110835282 eval_loss: 0.012170850299298763 eval_psnr: 19.48120816659574
 embedv: 9000 torch.Size([25600, 20, 32]) -2.48046875 2.568359375 0.01175689697265625 0.368408203125
 scores: 9000 torch.Size([25600, 1, 1, 20]) 87.0 160.0 128.25 12.84375
 feat map: 9000 torch.Size([1, 160, 160, 32]) -1.6520488262176514 1.7513272762298584 0.011935221031308174 0.3693958818912506
 predict rgb: 9000 torch.Size([1, 160, 160, 3]) 0.7202209234237671 0.9975130558013916 0.9831762909889221 0.02318130061030388
Train step: 9200 loss: 0.009324350394308567 attn_lr: 0.00027600000000000237 pts_lr: 0.0019933259831855805 scale: 262144.0 time: 262.83s
 embedv: 9200 torch.Size([25600, 20, 32]) -2.193359375 2.267578125 0.00589752197265625 0.29296875
 scores: 9200 torch.Size([25600, 1, 1, 20]) 75.1875 165.875 141.875 10.8984375
Train step: 9400 loss: 0.001558210700750351 attn_lr: 0.000282000000000003 pts_lr: 0.00199303296334765 scale: 262144.0 time: 244.80s
 embedv: 9400 torch.Size([25600, 20, 32]) -2.30078125 2.091796875 0.00893402099609375 0.210205078125
 scores: 9400 torch.Size([25600, 1, 1, 20]) 42.9375 150.625 93.1875 12.0625
Eval step: 9500 train_loss: 0.014131822944557825 eval_loss: 0.011585274711251259 eval_psnr: 19.698640534143045
Train step: 9600 loss: 0.007203912828117609 attn_lr: 0.00028800000000000364 pts_lr: 0.0019927336709738203 scale: 262144.0 time: 269.04s
 embedv: 9600 torch.Size([25600, 20, 32]) -1.5439453125 1.466796875 0.003406524658203125 0.13134765625
 scores: 9600 torch.Size([25600, 1, 1, 20]) 53.28125 157.125 95.3125 20.609375
Train step: 9800 loss: 0.01704714260995388 attn_lr: 0.0002940000000000042 pts_lr: 0.0019924281079545807 scale: 524288.0 time: 258.28s
 embedv: 9800 torch.Size([25600, 20, 32]) -1.41015625 1.630859375 0.01076507568359375 0.166259765625
 scores: 9800 torch.Size([25600, 1, 1, 20]) 62.90625 162.875 95.3125 22.5
Train step: 10000 loss: 0.006795318331569433 attn_lr: 0.0003 pts_lr: 0.0019921162762200333 scale: 524288.0 time: 244.72s
Eval step: 10000 train_loss: 0.013209612173018854 eval_loss: 0.01244370173662901 eval_psnr: 19.3667761474555
@@@@@@@@@  pruned 8903/10000
@@@@@@@@@ New points:  torch.Size([1097, 3])
@@@@@@@@@ New points_influ_scores:  torch.Size([1097, 1])
@@@@@@@@@ New pc_feats:  torch.Size([1097, 64])
LR factor:  1.0
Step 10000: Pruned 8903 points
@@@@@@@@@  added 1000 points
@@@@@@@@@ New points:  torch.Size([2097, 3])
@@@@@@@@@ New points_influ_scores:  torch.Size([2097, 1])
@@@@@@@@@ New pc_feats:  torch.Size([2097, 64])
LR factor:  1.0
Step 10000: Added 1000 points
 embedv: 10000 torch.Size([25600, 20, 32]) -3.533203125 3.443359375 0.0274810791015625 0.515625
 scores: 10000 torch.Size([25600, 1, 1, 20]) 80.25 160.375 107.8125 9.8515625
 feat map: 10000 torch.Size([1, 160, 160, 32]) -3.4483728408813477 2.7637100219726562 0.014096226543188095 0.5988558530807495
 predict rgb: 10000 torch.Size([1, 160, 160, 3]) 0.5073884725570679 1.0922688245773315 0.7615911960601807 0.12167749553918839
Train step: 10200 loss: 0.0028055026195943356 attn_lr: 0.0002999998714895447 pts_lr: 0.0019917981777398757 scale: 131072.0 time: 257.09s
 embedv: 10200 torch.Size([25600, 20, 32]) -3.513671875 4.08203125 0.0197601318359375 0.26123046875
 scores: 10200 torch.Size([25600, 1, 1, 20]) 18.25 78.9375 28.15625 5.953125
Train step: 10400 loss: 0.0006733762566000223 attn_lr: 0.00029999948595839837 pts_lr: 0.001991473814523395 scale: 131072.0 time: 231.80s
 embedv: 10400 torch.Size([25600, 20, 32]) -4.91015625 5.2734375 0.040374755859375 0.638671875
 scores: 10400 torch.Size([25600, 1, 1, 20]) 0.9228515625 65.375 8.0234375 4.59375
@@@@@@@@@  pruned 401/2097
@@@@@@@@@ New points:  torch.Size([1696, 3])
@@@@@@@@@ New points_influ_scores:  torch.Size([1696, 1])
@@@@@@@@@ New pc_feats:  torch.Size([1696, 64])
LR factor:  1.0
Step 10500: Pruned 401 points
Train step: 10600 loss: 0.0007513962918892503 attn_lr: 0.00029999884340722166 pts_lr: 0.0019911431886194433 scale: 131072.0 time: 237.46s
 embedv: 10600 torch.Size([25600, 20, 32]) -7.8984375 9.171875 0.019989013671875 0.56103515625
 scores: 10600 torch.Size([25600, 1, 1, 20]) 0.0 107.75 36.1875 28.203125
Train step: 10800 loss: 0.00012351738405413926 attn_lr: 0.00029999794383711516 pts_lr: 0.0019908063021164372 scale: 131072.0 time: 232.69s
 embedv: 10800 torch.Size([25600, 20, 32]) -7.24609375 7.78515625 0.03143310546875 0.7119140625
 scores: 10800 torch.Size([25600, 1, 1, 20]) 0.0 107.0625 19.53125 28.578125
Train step: 11000 loss: 0.0012090184027329087 attn_lr: 0.00029999678724962076 pts_lr: 0.0019904631571423343 scale: 131072.0 time: 230.33s
@@@@@@@@@  pruned 107/1696
@@@@@@@@@ New points:  torch.Size([1589, 3])
@@@@@@@@@ New points_influ_scores:  torch.Size([1589, 1])
@@@@@@@@@ New pc_feats:  torch.Size([1589, 64])
LR factor:  1.0
Step 11000: Pruned 107 points
@@@@@@@@@  added 1000 points
@@@@@@@@@ New points:  torch.Size([2589, 3])
@@@@@@@@@ New points_influ_scores:  torch.Size([2589, 1])
@@@@@@@@@ New pc_feats:  torch.Size([2589, 64])
LR factor:  1.0
Step 11000: Added 1000 points
 embedv: 11000 torch.Size([25600, 20, 32]) -4.69921875 5.40234375 0.031829833984375 0.66650390625
 scores: 11000 torch.Size([25600, 1, 1, 20]) 0.0 97.25 6.4609375 13.6796875
 feat map: 11000 torch.Size([1, 160, 160, 32]) -3.0655758380889893 3.455026388168335 0.0313664935529232 0.6321112513542175
 predict rgb: 11000 torch.Size([1, 160, 160, 3]) 0.6744272708892822 1.0071079730987549 0.977424144744873 0.0246015302836895
Train step: 11200 loss: 0.00069683842593804 attn_lr: 0.0002999953736467196 pts_lr: 0.0019901137558646187 scale: 131072.0 time: 238.48s
 embedv: 11200 torch.Size([25600, 20, 32]) -6.390625 7.84375 0.019622802734375 0.8271484375
 scores: 11200 torch.Size([25600, 1, 1, 20]) 0.0 116.0 6.203125 22.453125
Train step: 11400 loss: 0.01658090204000473 attn_lr: 0.00029999370303083426 pts_lr: 0.001989758100490305 scale: 131072.0 time: 234.89s
 embedv: 11400 torch.Size([25600, 20, 32]) -4.64453125 5.75 0.011962890625 0.3505859375
 scores: 11400 torch.Size([25600, 1, 1, 20]) 0.0 116.25 14.578125 30.875
@@@@@@@@@  pruned 65/2589
@@@@@@@@@ New points:  torch.Size([2524, 3])
@@@@@@@@@ New points_influ_scores:  torch.Size([2524, 1])
@@@@@@@@@ New pc_feats:  torch.Size([2524, 64])
LR factor:  1.0
Step 11500: Pruned 65 points
Train step: 11600 loss: 0.010651793330907822 attn_lr: 0.00029999177540482747 pts_lr: 0.0019893961932659033 scale: 131072.0 time: 247.30s
 embedv: 11600 torch.Size([25600, 20, 32]) -4.98828125 6.14453125 0.00559234619140625 0.54248046875
 scores: 11600 torch.Size([25600, 1, 1, 20]) 0.0 98.0 0.57275390625 4.875
Train step: 11800 loss: 0.03305196017026901 attn_lr: 0.0002999895907720025 pts_lr: 0.0019890280364774134 scale: 131072.0 time: 230.91s
 embedv: 11800 torch.Size([25600, 20, 32]) -3.69921875 4.3828125 0.0190277099609375 0.4111328125
 scores: 11800 torch.Size([25600, 1, 1, 20]) 0.0 95.875 16.578125 30.421875
Train step: 12000 loss: 0.00033096063998527825 attn_lr: 0.0002999871491361016 pts_lr: 0.0019886536324503156 scale: 131072.0 time: 241.23s
@@@@@@@@@  pruned 105/2524
@@@@@@@@@ New points:  torch.Size([2419, 3])
@@@@@@@@@ New points_influ_scores:  torch.Size([2419, 1])
@@@@@@@@@ New pc_feats:  torch.Size([2419, 64])
LR factor:  1.0
Step 12000: Pruned 105 points
@@@@@@@@@  added 1000 points
@@@@@@@@@ New points:  torch.Size([3419, 3])
@@@@@@@@@ New points_influ_scores:  torch.Size([3419, 1])
@@@@@@@@@ New pc_feats:  torch.Size([3419, 64])
LR factor:  1.0
Step 12000: Added 1000 points
 embedv: 12000 torch.Size([25600, 20, 32]) -5.98828125 7.0859375 0.021453857421875 0.92236328125
 scores: 12000 torch.Size([25600, 1, 1, 20]) 0.0 89.75 0.375 4.8359375
 feat map: 12000 torch.Size([1, 160, 160, 32]) -4.132616996765137 4.884960651397705 0.02128332480788231 0.8913386464118958
 predict rgb: 12000 torch.Size([1, 160, 160, 3]) 0.3348703384399414 1.0313124656677246 0.9871439933776855 0.04997901991009712
Train step: 12200 loss: 0.007802887819707394 attn_lr: 0.00029998445050130937 pts_lr: 0.0019882729835495505 scale: 262144.0 time: 239.14s
 embedv: 12200 torch.Size([25600, 20, 32]) -7.1875 8.96875 0.0248565673828125 1.2333984375
 scores: 12200 torch.Size([25600, 1, 1, 20]) 0.0 61.40625 0.306640625 2.359375
Train step: 12400 loss: 0.02063237503170967 attn_lr: 0.00029998149487224973 pts_lr: 0.0019878860921795027 scale: 262144.0 time: 240.42s
 embedv: 12400 torch.Size([25600, 20, 32]) -5.9453125 7.828125 0.057464599609375 0.8076171875
 scores: 12400 torch.Size([25600, 1, 1, 20]) 0.0 91.1875 10.125 25.375
@@@@@@@@@  pruned 100/3419
@@@@@@@@@ New points:  torch.Size([3319, 3])
@@@@@@@@@ New points_influ_scores:  torch.Size([3319, 1])
@@@@@@@@@ New pc_feats:  torch.Size([3319, 64])
LR factor:  1.0
Step 12500: Pruned 100 points
Train step: 12600 loss: 0.02197727933526039 attn_lr: 0.00029997828225398685 pts_lr: 0.0019874929607839875 scale: 262144.0 time: 233.52s
 embedv: 12600 torch.Size([25600, 20, 32]) -5.19921875 6.71875 0.0269622802734375 0.439453125
 scores: 12600 torch.Size([25600, 1, 1, 20]) 0.0 87.5 45.75 35.9375
Train step: 12800 loss: 0.00010061223292723298 attn_lr: 0.0002999748126520255 pts_lr: 0.0019870935918462397 scale: 262144.0 time: 239.66s
 embedv: 12800 torch.Size([25600, 20, 32]) -5.99609375 7.6328125 0.040191650390625 0.759765625
 scores: 12800 torch.Size([25600, 1, 1, 20]) 0.0 84.3125 10.2578125 17.171875
Train step: 13000 loss: 0.0008386264089494944 attn_lr: 0.0002999710860723104 pts_lr: 0.0019866879878888883 scale: 262144.0 time: 232.93s
@@@@@@@@@  pruned 105/3319
@@@@@@@@@ New points:  torch.Size([3214, 3])
@@@@@@@@@ New points_influ_scores:  torch.Size([3214, 1])
@@@@@@@@@ New pc_feats:  torch.Size([3214, 64])
LR factor:  1.0
Step 13000: Pruned 105 points
@@@@@@@@@  added 1000 points
@@@@@@@@@ New points:  torch.Size([4214, 3])
@@@@@@@@@ New points_influ_scores:  torch.Size([4214, 1])
@@@@@@@@@ New pc_feats:  torch.Size([4214, 64])
LR factor:  1.0
Step 13000: Added 1000 points
 embedv: 13000 torch.Size([25600, 20, 32]) -4.74609375 5.91796875 0.043426513671875 0.79052734375
 scores: 13000 torch.Size([25600, 1, 1, 20]) 0.0 0.0 0.0 0.0
 feat map: 13000 torch.Size([1, 160, 160, 32]) -4.020019054412842 5.025976181030273 0.04341335594654083 0.7810362577438354
 predict rgb: 13000 torch.Size([1, 160, 160, 3]) 0.9679336547851562 1.0293409824371338 0.9937961101531982 0.004920607432723045
Train step: 13200 loss: 0.019398799166083336 attn_lr: 0.0002999671025212274 pts_lr: 0.001986276151473947 scale: 262144.0 time: 244.69s
 embedv: 13200 torch.Size([25600, 20, 32]) -5.69140625 7.59375 0.0614013671875 1.0576171875
 scores: 13200 torch.Size([25600, 1, 1, 20]) 0.0 0.0 0.0 0.0
Train step: 13400 loss: 3.278993608546443e-05 attn_lr: 0.00029996286200560196 pts_lr: 0.001985858085202804 scale: 262144.0 time: 235.83s
 embedv: 13400 torch.Size([25600, 20, 32]) -4.828125 6.29296875 0.0198211669921875 0.59326171875
 scores: 13400 torch.Size([25600, 1, 1, 20]) 0.0 79.25 3.177734375 12.03125
@@@@@@@@@  pruned 96/4214
@@@@@@@@@ New points:  torch.Size([4118, 3])
@@@@@@@@@ New points_influ_scores:  torch.Size([4118, 1])
@@@@@@@@@ New pc_feats:  torch.Size([4118, 64])
LR factor:  1.0
Step 13500: Pruned 96 points
Train step: 13600 loss: 0.00638587074354291 attn_lr: 0.0002999583645327005 pts_lr: 0.001985433791716188 scale: 262144.0 time: 240.26s
 embedv: 13600 torch.Size([25600, 20, 32]) -3.94921875 5.046875 0.0101165771484375 0.444091796875
 scores: 13600 torch.Size([25600, 1, 1, 20]) 0.0 90.375 22.5625 34.8125
Train step: 13800 loss: 0.026564685627818108 attn_lr: 0.0002999536101102295 pts_lr: 0.0019850032736941693 scale: 262144.0 time: 239.06s
 embedv: 13800 torch.Size([25600, 20, 32]) -4.7734375 6.015625 0.0211181640625 0.468505859375
 scores: 13800 torch.Size([25600, 1, 1, 20]) 0.0 74.9375 21.171875 21.28125
Train step: 14000 loss: 0.01674458384513855 attn_lr: 0.0002999485987463341 pts_lr: 0.001984566533856131 scale: 262144.0 time: 234.90s
@@@@@@@@@  pruned 102/4118
@@@@@@@@@ New points:  torch.Size([4016, 3])
@@@@@@@@@ New points_influ_scores:  torch.Size([4016, 1])
@@@@@@@@@ New pc_feats:  torch.Size([4016, 64])
LR factor:  1.0
Step 14000: Pruned 102 points
@@@@@@@@@  added 1000 points
@@@@@@@@@ New points:  torch.Size([5016, 3])
@@@@@@@@@ New points_influ_scores:  torch.Size([5016, 1])
@@@@@@@@@ New pc_feats:  torch.Size([5016, 64])
LR factor:  1.0
Step 14000: Added 1000 points
 embedv: 14000 torch.Size([25600, 20, 32]) -5.70703125 7.375 0.01300811767578125 0.440185546875
 scores: 14000 torch.Size([25600, 1, 1, 20]) 0.0 95.6875 45.1875 36.25
 feat map: 14000 torch.Size([1, 160, 160, 32]) -3.0009765625 3.861767292022705 0.0033931529615074396 0.35941967368125916
 predict rgb: 14000 torch.Size([1, 160, 160, 3]) 0.19091796875 1.1647372245788574 0.6381853222846985 0.2708472013473511
Train step: 14200 loss: 2.8573846066137776e-05 attn_lr: 0.0002999433304496025 pts_lr: 0.0019841235749607587 scale: 524288.0 time: 241.33s
 embedv: 14200 torch.Size([25600, 20, 32]) -4.453125 5.64453125 0.01953125 0.572265625
 scores: 14200 torch.Size([25600, 1, 1, 20]) 0.0 85.5 21.234375 28.328125
Train step: 14400 loss: 0.0010858150199055672 attn_lr: 0.00029993780522906134 pts_lr: 0.001983674399806027 scale: 524288.0 time: 237.49s
 embedv: 14400 torch.Size([25600, 20, 32]) -3.931640625 4.84375 -0.003673553466796875 0.1943359375
 scores: 14400 torch.Size([25600, 1, 1, 20]) 0.0 93.75 64.5625 27.21875
@@@@@@@@@  pruned 96/5016
@@@@@@@@@ New points:  torch.Size([4920, 3])
@@@@@@@@@ New points_influ_scores:  torch.Size([4920, 1])
@@@@@@@@@ New pc_feats:  torch.Size([4920, 64])
LR factor:  1.0
Step 14500: Pruned 96 points
Train step: 14600 loss: 0.033527471125125885 attn_lr: 0.0002999320230941781 pts_lr: 0.001983219011229167 scale: 524288.0 time: 247.76s
 embedv: 14600 torch.Size([25600, 20, 32]) -4.14453125 5.3046875 0.0034961700439453125 0.236328125
 scores: 14600 torch.Size([25600, 1, 1, 20]) 0.0 78.5 56.90625 16.078125
Train step: 14800 loss: 2.316196150786709e-05 attn_lr: 0.0002999259840548601 pts_lr: 0.001982757412106661 scale: 262144.0 time: 242.70s
 embedv: 14800 torch.Size([25600, 20, 32]) -4.515625 5.57421875 0.0214996337890625 0.6220703125
 scores: 14800 torch.Size([25600, 1, 1, 20]) 0.0 91.25 12.65625 26.40625
Train step: 15000 loss: 0.0007055740570649505 attn_lr: 0.0002999196881214551 pts_lr: 0.0019822896053542168 scale: 262144.0 time: 239.42s
Eval step: 15000 train_loss: 0.01246257515293255 eval_loss: 0.0068133226595819 eval_psnr: 22.152488820809356
@@@@@@@@@  pruned 121/4920
@@@@@@@@@ New points:  torch.Size([4799, 3])
@@@@@@@@@ New points_influ_scores:  torch.Size([4799, 1])
@@@@@@@@@ New pc_feats:  torch.Size([4799, 64])
LR factor:  1.0
Step 15000: Pruned 121 points
@@@@@@@@@  added 1000 points
@@@@@@@@@ New points:  torch.Size([5799, 3])
@@@@@@@@@ New points_influ_scores:  torch.Size([5799, 1])
@@@@@@@@@ New pc_feats:  torch.Size([5799, 64])
LR factor:  1.0
Step 15000: Added 1000 points
 embedv: 15000 torch.Size([25600, 20, 32]) -3.7734375 4.89453125 0.0305633544921875 0.63232421875
 scores: 15000 torch.Size([25600, 1, 1, 20]) 0.0 70.25 0.1427001953125 2.37109375
 feat map: 15000 torch.Size([1, 160, 160, 32]) -2.931884765625 3.8301753997802734 0.030551336705684662 0.6117566227912903
 predict rgb: 15000 torch.Size([1, 160, 160, 3]) 0.9508277773857117 1.0105534791946411 1.0010497570037842 0.00744241988286376
Train step: 15200 loss: 0.016672417521476746 attn_lr: 0.0002999131353047513 pts_lr: 0.0019818155939267603 scale: 262144.0 time: 261.46s
 embedv: 15200 torch.Size([25600, 20, 32]) -5.70703125 7.46875 0.042266845703125 1.29296875
 scores: 15200 torch.Size([25600, 1, 1, 20]) 0.0 0.0 0.0 0.0
Train step: 15400 loss: 0.006168087013065815 attn_lr: 0.000299906325615976 pts_lr: 0.0019813353808184014 scale: 262144.0 time: 239.28s
 embedv: 15400 torch.Size([25600, 20, 32]) -4.9140625 6.3125 0.0181732177734375 0.63916015625
 scores: 15400 torch.Size([25600, 1, 1, 20]) 0.0 102.25 12.359375 23.109375
@@@@@@@@@  pruned 111/5799
@@@@@@@@@ New points:  torch.Size([5688, 3])
@@@@@@@@@ New points_influ_scores:  torch.Size([5688, 1])
@@@@@@@@@ New pc_feats:  torch.Size([5688, 64])
LR factor:  1.0
Step 15500: Pruned 111 points
Train step: 15600 loss: 0.018689878284931183 attn_lr: 0.00029989925906679846 pts_lr: 0.0019808489690624352 scale: 262144.0 time: 256.44s
 embedv: 15600 torch.Size([25600, 20, 32]) -4.16015625 5.41015625 0.025543212890625 0.70068359375
 scores: 15600 torch.Size([25600, 1, 1, 20]) 0.0 120.0 6.859375 23.921875
Train step: 15800 loss: 0.00438309833407402 attn_lr: 0.00029989193566932624 pts_lr: 0.001980356361731295 scale: 262144.0 time: 237.64s
 embedv: 15800 torch.Size([25600, 20, 32]) -4.4140625 5.890625 0.027496337890625 0.7060546875
 scores: 15800 torch.Size([25600, 1, 1, 20]) 0.0 124.5 7.890625 20.75
Train step: 16000 loss: 0.014941220171749592 attn_lr: 0.00029988435543610816 pts_lr: 0.001979857561936559 scale: 262144.0 time: 237.63s
@@@@@@@@@  pruned 91/5688
@@@@@@@@@ New points:  torch.Size([5597, 3])
@@@@@@@@@ New points_influ_scores:  torch.Size([5597, 1])
@@@@@@@@@ New pc_feats:  torch.Size([5597, 64])
LR factor:  1.0
Step 16000: Pruned 91 points
@@@@@@@@@  added 1000 points
@@@@@@@@@ New points:  torch.Size([6597, 3])
@@@@@@@@@ New points_influ_scores:  torch.Size([6597, 1])
@@@@@@@@@ New pc_feats:  torch.Size([6597, 64])
LR factor:  1.0
Step 16000: Added 1000 points
 embedv: 16000 torch.Size([25600, 20, 32]) -4.015625 5.42578125 0.03961181640625 0.88037109375
 scores: 16000 torch.Size([25600, 1, 1, 20]) 0.0 52.78125 0.00695037841796875 0.41748046875
 feat map: 16000 torch.Size([1, 160, 160, 32]) -3.2281250953674316 4.329882621765137 0.039584752172231674 0.8605704307556152
 predict rgb: 16000 torch.Size([1, 160, 160, 3]) 0.9480343461036682 1.0502618551254272 0.9975939989089966 0.0029548259917646646
Train step: 16200 loss: 0.0013394205598160625 attn_lr: 0.0002998765183801325 pts_lr: 0.001979352572828917 scale: 262144.0 time: 251.91s
 embedv: 16200 torch.Size([25600, 20, 32]) -4.80859375 6.34375 0.0439453125 0.87158203125
 scores: 16200 torch.Size([25600, 1, 1, 20]) 0.0 90.75 1.2705078125 7.46875
Train step: 16400 loss: 0.01740780845284462 attn_lr: 0.00029986842451482836 pts_lr: 0.0019788413975981513 scale: 262144.0 time: 249.18s
 embedv: 16400 torch.Size([25600, 20, 32]) -3.8359375 5.23046875 0.0236663818359375 0.703125
 scores: 16400 torch.Size([25600, 1, 1, 20]) 0.0 32.34375 0.003963470458984375 0.290283203125
@@@@@@@@@  pruned 86/6597
@@@@@@@@@ New points:  torch.Size([6511, 3])
@@@@@@@@@ New points_influ_scores:  torch.Size([6511, 1])
@@@@@@@@@ New pc_feats:  torch.Size([6511, 64])
LR factor:  1.0
Step 16500: Pruned 86 points
Train step: 16600 loss: 6.865384420962073e-06 attn_lr: 0.0002998600738540639 pts_lr: 0.001978324039473126 scale: 262144.0 time: 242.00s
 embedv: 16600 torch.Size([25600, 20, 32]) -4.1640625 5.76171875 0.0191497802734375 0.755859375
 scores: 16600 torch.Size([25600, 1, 1, 20]) 0.0 101.5 10.8984375 22.578125
Train step: 16800 loss: 0.002150292508304119 attn_lr: 0.00029985146641214785 pts_lr: 0.0019778005017217575 scale: 524288.0 time: 240.53s
 embedv: 16800 torch.Size([25600, 20, 32]) -4.6953125 6.15625 0.01099395751953125 0.4150390625
 scores: 16800 torch.Size([25600, 1, 1, 20]) 0.0 156.75 42.1875 42.96875
Train step: 17000 loss: 1.2209143278596457e-05 attn_lr: 0.0002998426022038291 pts_lr: 0.0019772707876509954 scale: 524288.0 time: 239.42s
@@@@@@@@@  pruned 149/6511
@@@@@@@@@ New points:  torch.Size([6362, 3])
@@@@@@@@@ New points_influ_scores:  torch.Size([6362, 1])
@@@@@@@@@ New pc_feats:  torch.Size([6362, 64])
LR factor:  1.0
Step 17000: Pruned 149 points
@@@@@@@@@  added 1000 points
@@@@@@@@@ New points:  torch.Size([7362, 3])
@@@@@@@@@ New points_influ_scores:  torch.Size([7362, 1])
@@@@@@@@@ New pc_feats:  torch.Size([7362, 64])
LR factor:  1.0
Step 17000: Added 1000 points
 embedv: 17000 torch.Size([25600, 20, 32]) -4.34765625 5.765625 0.00482177734375 0.53955078125
 scores: 17000 torch.Size([25600, 1, 1, 20]) 0.0 86.1875 13.859375 21.59375
 feat map: 17000 torch.Size([1, 160, 160, 32]) -2.96484375 3.9136714935302734 -4.9436435801908374e-05 0.49200236797332764
 predict rgb: 17000 torch.Size([1, 160, 160, 3]) 0.1711130440235138 1.0098576545715332 0.7423047423362732 0.27627477049827576
Train step: 17200 loss: 0.011892407201230526 attn_lr: 0.0002998334812442955 pts_lr: 0.0019767349006068 scale: 262144.0 time: 250.86s
 embedv: 17200 torch.Size([25600, 20, 32]) -4.046875 5.63671875 0.007007598876953125 0.6181640625
 scores: 17200 torch.Size([25600, 1, 1, 20]) 0.0 89.0625 4.8828125 15.578125
Train step: 17400 loss: 0.011717088520526886 attn_lr: 0.00029982410354917615 pts_lr: 0.0019761928439741214 scale: 262144.0 time: 250.29s
 embedv: 17400 torch.Size([25600, 20, 32]) -3.86328125 5.2890625 0.001373291015625 0.89501953125
 scores: 17400 torch.Size([25600, 1, 1, 20]) 0.0 0.0 0.0 0.0
@@@@@@@@@  pruned 106/7362
@@@@@@@@@ New points:  torch.Size([7256, 3])
@@@@@@@@@ New points_influ_scores:  torch.Size([7256, 1])
@@@@@@@@@ New pc_feats:  torch.Size([7256, 64])
LR factor:  1.0
Step 17500: Pruned 106 points
Train step: 17600 loss: 6.454008143919054e-06 attn_lr: 0.0002998144691345394 pts_lr: 0.0019756446211768915 scale: 262144.0 time: 243.47s
 embedv: 17600 torch.Size([25600, 20, 32]) -4.39453125 6.41015625 0.013031005859375 1.029296875
 scores: 17600 torch.Size([25600, 1, 1, 20]) 0.0 48.65625 0.124755859375 2.0859375
Train step: 17800 loss: 0.003941703587770462 attn_lr: 0.00029980457801689317 pts_lr: 0.001975090235677977 scale: 262144.0 time: 246.62s
 embedv: 17800 torch.Size([25600, 20, 32]) -4.69140625 6.7109375 0.03564453125 0.91015625
 scores: 17800 torch.Size([25600, 1, 1, 20]) 0.0 182.375 23.5625 48.75
Train step: 18000 loss: 0.005604237783700228 attn_lr: 0.0002997944302131864 pts_lr: 0.00197452969097918 scale: 262144.0 time: 245.51s
@@@@@@@@@  pruned 82/7256
@@@@@@@@@ New points:  torch.Size([7174, 3])
@@@@@@@@@ New points_influ_scores:  torch.Size([7174, 1])
@@@@@@@@@ New pc_feats:  torch.Size([7174, 64])
LR factor:  1.0
Step 18000: Pruned 82 points
@@@@@@@@@  added 1000 points
@@@@@@@@@ New points:  torch.Size([8174, 3])
@@@@@@@@@ New points_influ_scores:  torch.Size([8174, 1])
@@@@@@@@@ New pc_feats:  torch.Size([8174, 64])
LR factor:  1.0
Step 18000: Added 1000 points
 embedv: 18000 torch.Size([25600, 20, 32]) -3.466796875 4.9296875 0.0255126953125 0.81494140625
 scores: 18000 torch.Size([25600, 1, 1, 20]) 0.0 76.0 0.72265625 6.09765625
 feat map: 18000 torch.Size([1, 160, 160, 32]) -2.715820074081421 3.7979490756988525 0.024053439497947693 0.7966634631156921
 predict rgb: 18000 torch.Size([1, 160, 160, 3]) 0.14261654019355774 1.0458124876022339 0.9797643423080444 0.10430127382278442
Train step: 18200 loss: 1.5586407243972644e-05 attn_lr: 0.00029978402574080677 pts_lr: 0.001973962990621209 scale: 262144.0 time: 259.79s
 embedv: 18200 torch.Size([25600, 20, 32]) -3.908203125 5.44140625 -0.00386810302734375 0.7392578125
 scores: 18200 torch.Size([25600, 1, 1, 20]) 0.0 128.0 3.203125 14.859375
Train step: 18400 loss: 0.0003245165280532092 attn_lr: 0.000299773364617581 pts_lr: 0.0019733901381836436 scale: 262144.0 time: 243.36s
 embedv: 18400 torch.Size([25600, 20, 32]) -5.91796875 8.46875 0.01348114013671875 1.076171875
 scores: 18400 torch.Size([25600, 1, 1, 20]) 0.0 126.875 5.4296875 18.75
@@@@@@@@@  pruned 101/8174
@@@@@@@@@ New points:  torch.Size([8073, 3])
@@@@@@@@@ New points_influ_scores:  torch.Size([8073, 1])
@@@@@@@@@ New pc_feats:  torch.Size([8073, 64])
LR factor:  1.0
Step 18500: Pruned 101 points
Train step: 18600 loss: 0.004337499849498272 attn_lr: 0.0002997624468617782 pts_lr: 0.001972811137284938 scale: 262144.0 time: 245.89s
 embedv: 18600 torch.Size([25600, 20, 32]) -2.58984375 3.421875 -0.005908966064453125 0.63720703125
 scores: 18600 torch.Size([25600, 1, 1, 20]) 0.0 0.0 0.0 0.0
Train step: 18800 loss: 0.004128936678171158 attn_lr: 0.00029975127249210463 pts_lr: 0.001972225991582374 scale: 262144.0 time: 246.70s
 embedv: 18800 torch.Size([25600, 20, 32]) -3.716796875 4.94140625 -0.00925445556640625 0.83642578125
 scores: 18800 torch.Size([25600, 1, 1, 20]) 0.0 0.0 0.0 0.0
Train step: 19000 loss: 0.003907982259988785 attn_lr: 0.00029973984152770704 pts_lr: 0.001971634704772053 scale: 262144.0 time: 247.07s
@@@@@@@@@  pruned 101/8073
@@@@@@@@@ New points:  torch.Size([7972, 3])
@@@@@@@@@ New points_influ_scores:  torch.Size([7972, 1])
@@@@@@@@@ New pc_feats:  torch.Size([7972, 64])
LR factor:  1.0
Step 19000: Pruned 101 points
@@@@@@@@@  added 1000 points
@@@@@@@@@ New points:  torch.Size([8972, 3])
@@@@@@@@@ New points_influ_scores:  torch.Size([8972, 1])
@@@@@@@@@ New pc_feats:  torch.Size([8972, 64])
LR factor:  1.0
Step 19000: Added 1000 points
 embedv: 19000 torch.Size([25600, 20, 32]) -3.017578125 4.30859375 0.0082550048828125 0.5771484375
 scores: 19000 torch.Size([25600, 1, 1, 20]) 0.0 218.375 10.9375 32.5
 feat map: 19000 torch.Size([1, 160, 160, 32]) -2.4460935592651367 3.4647459983825684 0.006824200972914696 0.5415409803390503
 predict rgb: 19000 torch.Size([1, 160, 160, 3]) 0.23671211302280426 1.0535197257995605 0.9144964814186096 0.17919817566871643
Train step: 19200 loss: 0.008115137927234173 attn_lr: 0.00029972815398817337 pts_lr: 0.0019710372805888617 scale: 524288.0 time: 251.54s
 embedv: 19200 torch.Size([25600, 20, 32]) -3.6640625 5.18359375 0.0026073455810546875 0.9609375
 scores: 19200 torch.Size([25600, 1, 1, 20]) 0.0 136.5 0.18701171875 3.80078125
Train step: 19400 loss: 0.010031863115727901 attn_lr: 0.0002997162098935287 pts_lr: 0.0019704337228064546 scale: 524288.0 time: 247.25s
 embedv: 19400 torch.Size([25600, 20, 32]) -3.482421875 4.71484375 -0.004962921142578125 0.75830078125
 scores: 19400 torch.Size([25600, 1, 1, 20]) 0.0 0.0 0.0 0.0
@@@@@@@@@  pruned 109/8972
@@@@@@@@@ New points:  torch.Size([8863, 3])
@@@@@@@@@ New points_influ_scores:  torch.Size([8863, 1])
@@@@@@@@@ New pc_feats:  torch.Size([8863, 64])
LR factor:  1.0
Step 19500: Pruned 109 points
Train step: 19600 loss: 0.0021929293870925903 attn_lr: 0.0002997040092642402 pts_lr: 0.001969824035237228 scale: 524288.0 time: 252.00s
 embedv: 19600 torch.Size([25600, 20, 32]) -2.732421875 3.607421875 -0.0010776519775390625 0.479248046875
 scores: 19600 torch.Size([25600, 1, 1, 20]) 0.0 124.125 18.203125 27.59375
Train step: 19800 loss: 0.006548089906573296 attn_lr: 0.00029969155212121207 pts_lr: 0.001969208221732305 scale: 524288.0 time: 250.49s
 embedv: 19800 torch.Size([25600, 20, 32]) -2.29296875 2.97265625 -0.0037746429443359375 0.1893310546875
 scores: 19800 torch.Size([25600, 1, 1, 20]) 0.0 229.875 63.125 29.546875
Train step: 20000 loss: 0.016623789444565773 attn_lr: 0.0002996788384857902 pts_lr: 0.0019685862861814965 scale: 524288.0 time: 245.98s
Eval step: 20000 train_loss: 0.00713962962398773 eval_loss: 0.0052031176164746284 eval_psnr: 23.369679542428813
@@@@@@@@@  pruned 95/8863
@@@@@@@@@ New points:  torch.Size([8768, 3])
@@@@@@@@@ New points_influ_scores:  torch.Size([8768, 1])
@@@@@@@@@ New pc_feats:  torch.Size([8768, 64])
LR factor:  1.0
Step 20000: Pruned 95 points
@@@@@@@@@  added 1000 points
@@@@@@@@@ New points:  torch.Size([9768, 3])
@@@@@@@@@ New points_influ_scores:  torch.Size([9768, 1])
@@@@@@@@@ New pc_feats:  torch.Size([9768, 64])
LR factor:  1.0
Step 20000: Added 1000 points
 embedv: 20000 torch.Size([25600, 20, 32]) -3.689453125 5.1015625 0.01099395751953125 0.7578125
 scores: 20000 torch.Size([25600, 1, 1, 20]) 0.0 61.78125 0.52099609375 4.4453125
 feat map: 20000 torch.Size([1, 160, 160, 32]) -2.477538824081421 3.4249022006988525 0.010940219275653362 0.7374544143676758
 predict rgb: 20000 torch.Size([1, 160, 160, 3]) 0.4195866584777832 1.0179756879806519 0.9918714761734009 0.03866233304142952
Train step: 20200 loss: 0.006882831454277039 attn_lr: 0.000299665868379758 pts_lr: 0.001967958232513288 scale: 524288.0 time: 274.00s
 embedv: 20200 torch.Size([25600, 20, 32]) -3.9296875 5.46875 -0.005008697509765625 0.8701171875
 scores: 20200 torch.Size([25600, 1, 1, 20]) 0.0 251.75 7.72265625 32.28125
Train step: 20400 loss: 0.0009378322283737361 attn_lr: 0.00029965264182534 pts_lr: 0.0019673240646948032 scale: 524288.0 time: 247.60s
 embedv: 20400 torch.Size([25600, 20, 32]) -3.568359375 4.9296875 -0.0159912109375 0.6806640625
 scores: 20400 torch.Size([25600, 1, 1, 20]) 0.0 235.625 15.6640625 33.40625
@@@@@@@@@  pruned 68/9768
@@@@@@@@@ New points:  torch.Size([9700, 3])
@@@@@@@@@ New points_influ_scores:  torch.Size([9700, 1])
@@@@@@@@@ New pc_feats:  torch.Size([9700, 64])
LR factor:  1.0
Step 20500: Pruned 68 points
Train step: 20600 loss: 0.0007239300757646561 attn_lr: 0.00029963915884519956 pts_lr: 0.0019666837867317955 scale: 524288.0 time: 264.11s
 embedv: 20600 torch.Size([25600, 20, 32]) -2.66796875 3.8984375 -0.015899658203125 0.6728515625
 scores: 20600 torch.Size([25600, 1, 1, 20]) 0.0 0.0 0.0 0.0
Train step: 20800 loss: 0.019347883760929108 attn_lr: 0.0002996254194624395 pts_lr: 0.001966037402668606 scale: 524288.0 time: 247.21s
 embedv: 20800 torch.Size([25600, 20, 32]) -2.6875 3.916015625 -0.0022411346435546875 0.302734375
 scores: 20800 torch.Size([25600, 1, 1, 20]) 0.0 247.25 57.0 43.59375
Train step: 21000 loss: 0.0026298847515136003 attn_lr: 0.00029961142370060176 pts_lr: 0.001965384916588146 scale: 524288.0 time: 249.81s
@@@@@@@@@  pruned 83/9700
@@@@@@@@@ New points:  torch.Size([9617, 3])
@@@@@@@@@ New points_influ_scores:  torch.Size([9617, 1])
@@@@@@@@@ New pc_feats:  torch.Size([9617, 64])
LR factor:  1.0
Step 21000: Pruned 83 points
@@@@@@@@@  added 1000 points
@@@@@@@@@ New points:  torch.Size([10617, 3])
@@@@@@@@@ New points_influ_scores:  torch.Size([10617, 1])
@@@@@@@@@ New pc_feats:  torch.Size([10617, 64])
LR factor:  1.0
Step 21000: Added 1000 points
 embedv: 21000 torch.Size([25600, 20, 32]) -3.775390625 5.4765625 0.0012044906616210938 0.88818359375
 scores: 21000 torch.Size([25600, 1, 1, 20]) 0.0 242.875 12.765625 46.5625
 feat map: 21000 torch.Size([1, 160, 160, 32]) -2.745800495147705 3.982909679412842 -0.0007111299782991409 0.8607125282287598
 predict rgb: 21000 torch.Size([1, 160, 160, 3]) 0.201171875 1.056640625 0.9259669184684753 0.15808546543121338
Train step: 21200 loss: 0.001554726855829358 attn_lr: 0.0002995971715836681 pts_lr: 0.001964726332611873 scale: 1048576.0 time: 263.07s
 embedv: 21200 torch.Size([25600, 20, 32]) -2.5 3.5 -0.004146575927734375 0.241943359375
 scores: 21200 torch.Size([25600, 1, 1, 20]) 0.0 225.375 59.1875 45.96875
Train step: 21400 loss: 0.0046751489862799644 attn_lr: 0.0002995826631360584 pts_lr: 0.001964061654899763 scale: 524288.0 time: 253.44s
 embedv: 21400 torch.Size([25600, 20, 32]) -3.375 4.90234375 -0.0010766983032226562 0.48779296875
 scores: 21400 torch.Size([25600, 1, 1, 20]) 0.0 259.75 31.0 44.21875
@@@@@@@@@  pruned 79/10617
@@@@@@@@@ New points:  torch.Size([10538, 3])
@@@@@@@@@ New points_influ_scores:  torch.Size([10538, 1])
@@@@@@@@@ New pc_feats:  torch.Size([10538, 64])
LR factor:  1.0
Step 21500: Pruned 79 points
Train step: 21600 loss: 0.008147957734763622 attn_lr: 0.0002995678983826329 pts_lr: 0.0019633908876502794 scale: 524288.0 time: 255.55s
 embedv: 21600 torch.Size([25600, 20, 32]) -2.59765625 3.990234375 -0.0253143310546875 0.7587890625
 scores: 21600 torch.Size([25600, 1, 1, 20]) 0.0 123.875 0.85107421875 7.16796875
Train step: 21800 loss: 0.01544194482266903 attn_lr: 0.00029955287734869003 pts_lr: 0.001962714035100355 scale: 524288.0 time: 250.06s
 embedv: 21800 torch.Size([25600, 20, 32]) -3.23046875 4.96484375 -0.0253448486328125 0.81884765625
 scores: 21800 torch.Size([25600, 1, 1, 20]) 0.0 0.0 0.0 0.0
Train step: 22000 loss: 0.01495917234569788 attn_lr: 0.00029953760005996846 pts_lr: 0.001962031101525356 scale: 524288.0 time: 251.19s
@@@@@@@@@  pruned 73/10538
@@@@@@@@@ New points:  torch.Size([10465, 3])
@@@@@@@@@ New points_influ_scores:  torch.Size([10465, 1])
@@@@@@@@@ New pc_feats:  torch.Size([10465, 64])
LR factor:  1.0
Step 22000: Pruned 73 points
@@@@@@@@@  added 1000 points
@@@@@@@@@ New points:  torch.Size([11465, 3])
@@@@@@@@@ New points_influ_scores:  torch.Size([11465, 1])
@@@@@@@@@ New pc_feats:  torch.Size([11465, 64])
LR factor:  1.0
Step 22000: Added 1000 points
 embedv: 22000 torch.Size([25600, 20, 32]) -4.546875 6.45703125 0.002056121826171875 1.005859375
 scores: 22000 torch.Size([25600, 1, 1, 20]) 0.0 97.4375 1.2548828125 8.8515625
 feat map: 22000 torch.Size([1, 160, 160, 32]) -3.4895505905151367 4.997655868530273 0.002300233580172062 0.9883572459220886
 predict rgb: 22000 torch.Size([1, 160, 160, 3]) 0.3584410846233368 1.0771427154541016 0.9983855485916138 0.040962159633636475
Train step: 22200 loss: 0.008809922263026237 attn_lr: 0.00029952206654264535 pts_lr: 0.001961342091239066 scale: 524288.0 time: 261.15s
 embedv: 22200 torch.Size([25600, 20, 32]) -1.951171875 2.845703125 -0.0117340087890625 0.5693359375
 scores: 22200 torch.Size([25600, 1, 1, 20]) 0.0 0.0 0.0 0.0
Train step: 22400 loss: 9.770966244104784e-06 attn_lr: 0.00029950627682333704 pts_lr: 0.001960647008593645 scale: 524288.0 time: 256.72s
 embedv: 22400 torch.Size([25600, 20, 32]) -3.18359375 4.67578125 -0.0157012939453125 0.71484375
 scores: 22400 torch.Size([25600, 1, 1, 20]) 0.0 133.0 14.6015625 28.84375
@@@@@@@@@  pruned 81/11465
@@@@@@@@@ New points:  torch.Size([11384, 3])
@@@@@@@@@ New points_influ_scores:  torch.Size([11384, 1])
@@@@@@@@@ New pc_feats:  torch.Size([11384, 64])
LR factor:  1.0
Step 22500: Pruned 81 points
Train step: 22600 loss: 0.0004409999819472432 attn_lr: 0.0002994902309290995 pts_lr: 0.001959945857979615 scale: 524288.0 time: 264.64s
 embedv: 22600 torch.Size([25600, 20, 32]) -2.650390625 3.958984375 0.006351470947265625 0.548828125
 scores: 22600 torch.Size([25600, 1, 1, 20]) 0.0 163.75 10.4140625 25.15625
Train step: 22800 loss: 0.007001176476478577 attn_lr: 0.00029947392888742555 pts_lr: 0.0019592386438258267 scale: 524288.0 time: 252.33s
 embedv: 22800 torch.Size([25600, 20, 32]) -3.67578125 5.453125 -0.004730224609375 0.97216796875
 scores: 22800 torch.Size([25600, 1, 1, 20]) 0.0 50.40625 0.0013151168823242188 0.223388671875
Train step: 23000 loss: 0.004226314835250378 attn_lr: 0.0002994573707262487 pts_lr: 0.0019585253705994236 scale: 524288.0 time: 251.74s
@@@@@@@@@  pruned 88/11384
@@@@@@@@@ New points:  torch.Size([11296, 3])
@@@@@@@@@ New points_influ_scores:  torch.Size([11296, 1])
@@@@@@@@@ New pc_feats:  torch.Size([11296, 64])
LR factor:  1.0
Step 23000: Pruned 88 points
@@@@@@@@@  added 1000 points
@@@@@@@@@ New points:  torch.Size([12296, 3])
@@@@@@@@@ New points_influ_scores:  torch.Size([12296, 1])
@@@@@@@@@ New pc_feats:  torch.Size([12296, 64])
LR factor:  1.0
Step 23000: Added 1000 points
 embedv: 23000 torch.Size([25600, 20, 32]) -2.486328125 4.0234375 0.00022792816162109375 0.52783203125
 scores: 23000 torch.Size([25600, 1, 1, 20]) 0.0 275.25 33.75 63.6875
 feat map: 23000 torch.Size([1, 160, 160, 32]) -2.3202223777770996 3.4783787727355957 -0.0016820564633235335 0.48608389496803284
 predict rgb: 23000 torch.Size([1, 160, 160, 3]) 0.2286376953125 1.154296875 0.8488826155662537 0.21950411796569824
Train step: 23200 loss: 0.00926510151475668 attn_lr: 0.00029944055647394103 pts_lr: 0.0019578060428058312 scale: 524288.0 time: 261.97s
 embedv: 23200 torch.Size([25600, 20, 32]) -3.376953125 5.33984375 0.0019044876098632812 0.8515625
 scores: 23200 torch.Size([25600, 1, 1, 20]) 0.0 0.0 0.0 0.0
Train step: 23400 loss: 0.0009185716044157743 attn_lr: 0.00029942348615931387 pts_lr: 0.0019570806649887073 scale: 1048576.0 time: 254.86s
 embedv: 23400 torch.Size([25600, 20, 32]) -2.56640625 3.85546875 0.0006127357482910156 0.349365234375
 scores: 23400 torch.Size([25600, 1, 1, 20]) 0.0 270.75 36.3125 47.65625
@@@@@@@@@  pruned 65/12296
@@@@@@@@@ New points:  torch.Size([12231, 3])
@@@@@@@@@ New points_influ_scores:  torch.Size([12231, 1])
@@@@@@@@@ New pc_feats:  torch.Size([12231, 64])
LR factor:  1.0
Step 23500: Pruned 65 points
Train step: 23600 loss: 0.006326708011329174 attn_lr: 0.00029940615981161587 pts_lr: 0.001956349241729943 scale: 524288.0 time: 275.16s
 embedv: 23600 torch.Size([25600, 20, 32]) -3.431640625 4.87890625 0.0008292198181152344 0.38330078125
 scores: 23600 torch.Size([25600, 1, 1, 20]) 0.0 281.25 33.71875 39.90625
Train step: 23800 loss: 0.003321699798107147 attn_lr: 0.00029938857746053554 pts_lr: 0.0019556117776495974 scale: 524288.0 time: 253.32s
 embedv: 23800 torch.Size([25600, 20, 32]) -1.6044921875 2.330078125 -0.016265869140625 0.1334228515625
 scores: 23800 torch.Size([25600, 1, 1, 20]) 0.0 199.125 56.96875 39.625
Train step: 24000 loss: 0.014816422015428543 attn_lr: 0.0002993707391362002 pts_lr: 0.001954868277405897 scale: 524288.0 time: 261.26s
@@@@@@@@@  pruned 87/12231
@@@@@@@@@ New points:  torch.Size([12144, 3])
@@@@@@@@@ New points_influ_scores:  torch.Size([12144, 1])
@@@@@@@@@ New pc_feats:  torch.Size([12144, 64])
LR factor:  1.0
Step 24000: Pruned 87 points
@@@@@@@@@  added 1000 points
@@@@@@@@@ New points:  torch.Size([13144, 3])
@@@@@@@@@ New points_influ_scores:  torch.Size([13144, 1])
@@@@@@@@@ New pc_feats:  torch.Size([13144, 64])
LR factor:  1.0
Step 24000: Added 1000 points
 embedv: 24000 torch.Size([25600, 20, 32]) -2.53125 3.712890625 0.00628662109375 0.744140625
 scores: 24000 torch.Size([25600, 1, 1, 20]) 0.0 88.6875 0.4384765625 5.1171875
 feat map: 24000 torch.Size([1, 160, 160, 32]) -1.9463865756988525 2.8088865280151367 0.006168675143271685 0.7314348220825195
 predict rgb: 24000 torch.Size([1, 160, 160, 3]) 0.39648714661598206 1.019020676612854 0.9906581044197083 0.04099734500050545
Train step: 24200 loss: 0.007018537260591984 attn_lr: 0.00029935264486917446 pts_lr: 0.0019541187456951934 scale: 524288.0 time: 263.15s
 embedv: 24200 torch.Size([25600, 20, 32]) -3.189453125 4.671875 0.0020542144775390625 0.54296875
 scores: 24200 torch.Size([25600, 1, 1, 20]) 0.0 256.5 11.890625 26.5
Train step: 24400 loss: 0.0023901720996946096 attn_lr: 0.0002993342946904629 pts_lr: 0.001953363187251941 scale: 524288.0 time: 255.73s
 embedv: 24400 torch.Size([25600, 20, 32]) -3.591796875 5.01171875 0.003856658935546875 0.79052734375
 scores: 24400 torch.Size([25600, 1, 1, 20]) 0.0 148.375 8.6484375 24.03125
@@@@@@@@@  pruned 48/13144
@@@@@@@@@ New points:  torch.Size([13096, 3])
@@@@@@@@@ New points_influ_scores:  torch.Size([13096, 1])
@@@@@@@@@ New pc_feats:  torch.Size([13096, 64])
LR factor:  1.0
Step 24500: Pruned 48 points
Train step: 24600 loss: 0.005839914083480835 attn_lr: 0.0002993156886315079 pts_lr: 0.0019526016068486499 scale: 524288.0 time: 274.58s
 embedv: 24600 torch.Size([25600, 20, 32]) -2.294921875 3.50390625 0.00017571449279785156 0.22216796875
 scores: 24600 torch.Size([25600, 1, 1, 20]) 0.0 200.125 63.0 34.25
Train step: 24800 loss: 0.0005970172351226211 attn_lr: 0.0002992968267241904 pts_lr: 0.0019518340092958765 scale: 524288.0 time: 255.82s
 embedv: 24800 torch.Size([25600, 20, 32]) -2.69921875 3.998046875 -0.00013303756713867188 0.72412109375
 scores: 24800 torch.Size([25600, 1, 1, 20]) 0.0 52.8125 0.4599609375 4.32421875
Train step: 25000 loss: 0.003283655969426036 attn_lr: 0.0002992777090008305 pts_lr: 0.001951060399442189 scale: 524288.0 time: 257.21s
Eval step: 25000 train_loss: 0.005515297394725644 eval_loss: 0.004378958605229855 eval_psnr: 24.112896346644256
@@@@@@@@@  pruned 84/13096
@@@@@@@@@ New points:  torch.Size([13012, 3])
@@@@@@@@@ New points_influ_scores:  torch.Size([13012, 1])
@@@@@@@@@ New pc_feats:  torch.Size([13012, 64])
LR factor:  1.0
Step 25000: Pruned 84 points
@@@@@@@@@  added 1000 points
@@@@@@@@@ New points:  torch.Size([14012, 3])
@@@@@@@@@ New points_influ_scores:  torch.Size([14012, 1])
@@@@@@@@@ New pc_feats:  torch.Size([14012, 64])
LR factor:  1.0
Step 25000: Added 1000 points
 embedv: 25000 torch.Size([25600, 20, 32]) -3.138671875 4.26953125 0.0085296630859375 0.697265625
 scores: 25000 torch.Size([25600, 1, 1, 20]) 0.0 178.125 5.63671875 19.8125
 feat map: 25000 torch.Size([1, 160, 160, 32]) -2.3731443881988525 3.263671636581421 0.0053107780404388905 0.6714188456535339
 predict rgb: 25000 torch.Size([1, 160, 160, 3]) 0.1913147270679474 1.1337890625 0.9156609177589417 0.19432613253593445
Train step: 25200 loss: 0.003011411288753152 attn_lr: 0.00029925833549418425 pts_lr: 0.0019502807821741225 scale: 524288.0 time: 284.70s
 embedv: 25200 torch.Size([25600, 20, 32]) -3.046875 4.390625 0.0084381103515625 0.70947265625
 scores: 25200 torch.Size([25600, 1, 1, 20]) 0.0 141.625 2.01171875 12.46875
Train step: 25400 loss: 0.005866043735295534 attn_lr: 0.0002992387062374489 pts_lr: 0.0019494951624161668 scale: 524288.0 time: 260.32s
 embedv: 25400 torch.Size([25600, 20, 32]) -2.115234375 3.267578125 0.01322174072265625 0.60498046875
 scores: 25400 torch.Size([25600, 1, 1, 20]) 0.0 66.375 3.671875 10.796875
@@@@@@@@@  pruned 74/14012
@@@@@@@@@ New points:  torch.Size([13938, 3])
@@@@@@@@@ New points_influ_scores:  torch.Size([13938, 1])
@@@@@@@@@ New pc_feats:  torch.Size([13938, 64])
LR factor:  1.0
Step 25500: Pruned 74 points
Train step: 25600 loss: 0.006793688982725143 attn_lr: 0.00029921882126425904 pts_lr: 0.001948703545130724 scale: 1048576.0 time: 261.58s
 embedv: 25600 torch.Size([25600, 20, 32]) -3.1328125 4.73828125 0.0031642913818359375 0.7060546875
 scores: 25600 torch.Size([25600, 1, 1, 20]) 0.0 0.0 0.0 0.0
Train step: 25800 loss: 0.0002294512087246403 attn_lr: 0.00029919868060868625 pts_lr: 0.0019479059353180786 scale: 524288.0 time: 260.69s
 embedv: 25800 torch.Size([25600, 20, 32]) -2.154296875 2.892578125 -0.0019893646240234375 0.35986328125
 scores: 25800 torch.Size([25600, 1, 1, 20]) 0.0 230.625 21.84375 40.9375
Train step: 26000 loss: 0.0014041881076991558 attn_lr: 0.00029917828430524155 pts_lr: 0.0019471023380163628 scale: 524288.0 time: 262.71s
@@@@@@@@@  pruned 61/13938
@@@@@@@@@ New points:  torch.Size([13877, 3])
@@@@@@@@@ New points_influ_scores:  torch.Size([13877, 1])
@@@@@@@@@ New pc_feats:  torch.Size([13877, 64])
LR factor:  1.0
Step 26000: Pruned 61 points
@@@@@@@@@  added 1000 points
@@@@@@@@@ New points:  torch.Size([14877, 3])
@@@@@@@@@ New points_influ_scores:  torch.Size([14877, 1])
@@@@@@@@@ New pc_feats:  torch.Size([14877, 64])
LR factor:  1.0
Step 26000: Added 1000 points
 embedv: 26000 torch.Size([25600, 20, 32]) -2.439453125 3.703125 -0.00580596923828125 0.43994140625
 scores: 26000 torch.Size([25600, 1, 1, 20]) 0.0 257.5 45.84375 52.375
 feat map: 26000 torch.Size([1, 160, 160, 32]) -1.8820799589157104 2.8177733421325684 -0.017854081466794014 0.41951796412467957
 predict rgb: 26000 torch.Size([1, 160, 160, 3]) 0.1414794921875 1.0268959999084473 0.6971291303634644 0.2765234708786011
Train step: 26200 loss: 4.930426257487852e-06 attn_lr: 0.0002991576323888729 pts_lr: 0.0019462927583015393 scale: 524288.0 time: 275.36s
 embedv: 26200 torch.Size([25600, 20, 32]) -2.12890625 3.21875 -0.00040030479431152344 0.62158203125
 scores: 26200 torch.Size([25600, 1, 1, 20]) 0.0 253.25 13.9453125 43.15625
Train step: 26400 loss: 0.015790313482284546 attn_lr: 0.0002991367248949663 pts_lr: 0.0019454772012873515 scale: 524288.0 time: 260.99s
 embedv: 26400 torch.Size([25600, 20, 32]) -2.587890625 3.728515625 -0.0164642333984375 0.2137451171875
 scores: 26400 torch.Size([25600, 1, 1, 20]) 0.0 202.5 40.875 33.375
@@@@@@@@@  pruned 65/14877
@@@@@@@@@ New points:  torch.Size([14812, 3])
@@@@@@@@@ New points_influ_scores:  torch.Size([14812, 1])
@@@@@@@@@ New pc_feats:  torch.Size([14812, 64])
LR factor:  1.0
Step 26500: Pruned 65 points
Train step: 26600 loss: 0.008782598190009594 attn_lr: 0.0002991155618593473 pts_lr: 0.0019446556721253022 scale: 524288.0 time: 262.24s
 embedv: 26600 torch.Size([25600, 20, 32]) -3.392578125 5.37109375 -0.0015287399291992188 1.0185546875
 scores: 26600 torch.Size([25600, 1, 1, 20]) 0.0 67.0 0.33349609375 3.927734375
Train step: 26800 loss: 2.8064698653906817e-06 attn_lr: 0.00029909414331827757 pts_lr: 0.0019438281760046127 scale: 524288.0 time: 260.04s
 embedv: 26800 torch.Size([25600, 20, 32]) -2.33203125 3.552734375 0.006336212158203125 0.7255859375
 scores: 26800 torch.Size([25600, 1, 1, 20]) 0.0 210.25 0.11553955078125 3.734375
Train step: 27000 loss: 0.006596828810870647 attn_lr: 0.00029907246930845776 pts_lr: 0.0019429947181522041 scale: 524288.0 time: 260.92s
@@@@@@@@@  pruned 50/14812
@@@@@@@@@ New points:  torch.Size([14762, 3])
@@@@@@@@@ New points_influ_scores:  torch.Size([14762, 1])
@@@@@@@@@ New pc_feats:  torch.Size([14762, 64])
LR factor:  1.0
Step 27000: Pruned 50 points
@@@@@@@@@  added 1000 points
@@@@@@@@@ New points:  torch.Size([15762, 3])
@@@@@@@@@ New points_influ_scores:  torch.Size([15762, 1])
@@@@@@@@@ New pc_feats:  torch.Size([15762, 64])
LR factor:  1.0
Step 27000: Added 1000 points
